<?xml version="1.0" encoding="UTF-8"?>
<testng-results ignored="0" total="3" passed="3" failed="0" skipped="0">
  <reporter-output>
  </reporter-output>
  <suite started-at="2024-01-19T23:41:09 IST" name="Cucumber Framework" finished-at="2024-01-19T23:42:22 IST" duration-ms="73687">
    <groups>
      <group name="cucumber">
        <method signature="AbstractTestNGCucumberTests.runScenario(io.cucumber.testng.PickleWrapper,io.cucumber.testng.FeatureWrapper)[pri:0, instance:runner.MainRunner@1613674b]" name="runScenario" class="io.cucumber.testng.AbstractTestNGCucumberTests"/>
      </group> <!-- cucumber -->
    </groups>
    <test started-at="2024-01-19T23:41:09 IST" name="Tests" finished-at="2024-01-19T23:42:22 IST" duration-ms="73687">
      <class name="runner.MainRunner">
        <test-method is-config="true" signature="setUpClass(org.testng.ITestContext)[pri:0, instance:runner.MainRunner@1613674b]" started-at="2024-01-19T23:41:09 IST" name="setUpClass" finished-at="2024-01-19T23:41:10 IST" duration-ms="820" status="PASS">
          <params>
            <param index="0">
              <value>
                <![CDATA[org.testng.TestRunner@1d0b447b]]>
              </value>
            </param>
          </params>
          <reporter-output>
          </reporter-output>
        </test-method> <!-- setUpClass -->
        <test-method signature="runScenario(io.cucumber.testng.PickleWrapper,io.cucumber.testng.FeatureWrapper)[pri:0, instance:runner.MainRunner@1613674b]" started-at="2024-01-19T23:41:10 IST" name="runScenario" description="Runs Cucumber Scenarios" data-provider="scenarios" finished-at="2024-01-19T23:41:32 IST" duration-ms="22052" status="PASS">
          <params>
            <param index="0">
              <value>
                <![CDATA["Search for bus from source to destination place"]]>
              </value>
            </param>
            <param index="1">
              <value>
                <![CDATA["Search for Bus"]]>
              </value>
            </param>
          </params>
          <reporter-output>
          </reporter-output>
        </test-method> <!-- runScenario -->
        <test-method signature="runScenario(io.cucumber.testng.PickleWrapper,io.cucumber.testng.FeatureWrapper)[pri:0, instance:runner.MainRunner@1613674b]" started-at="2024-01-19T23:41:32 IST" name="runScenario" description="Runs Cucumber Scenarios" data-provider="scenarios" finished-at="2024-01-19T23:41:55 IST" duration-ms="23466" status="PASS">
          <params>
            <param index="0">
              <value>
                <![CDATA["Login to the application with username and password"]]>
              </value>
            </param>
            <param index="1">
              <value>
                <![CDATA["Sign IN to KSRTC App"]]>
              </value>
            </param>
          </params>
          <reporter-output>
          </reporter-output>
        </test-method> <!-- runScenario -->
        <test-method signature="runScenario(io.cucumber.testng.PickleWrapper,io.cucumber.testng.FeatureWrapper)[pri:0, instance:runner.MainRunner@1613674b]" started-at="2024-01-19T23:41:55 IST" name="runScenario" description="Runs Cucumber Scenarios" data-provider="scenarios" finished-at="2024-01-19T23:42:22 IST" duration-ms="26978" status="PASS">
          <params>
            <param index="0">
              <value>
                <![CDATA["Login to the application with username and password"]]>
              </value>
            </param>
            <param index="1">
              <value>
                <![CDATA["Sign IN to KSRTC App"]]>
              </value>
            </param>
          </params>
          <reporter-output>
          </reporter-output>
        </test-method> <!-- runScenario -->
        <test-method is-config="true" signature="tearDownClass()[pri:0, instance:runner.MainRunner@1613674b]" started-at="2024-01-19T23:42:22 IST" name="tearDownClass" finished-at="2024-01-19T23:42:22 IST" duration-ms="313" status="PASS">
          <reporter-output>
          </reporter-output>
        </test-method> <!-- tearDownClass -->
      </class> <!-- runner.MainRunner -->
    </test> <!-- Tests -->
  </suite> <!-- Cucumber Framework -->
</testng-results>
